CRITICAL - 2021-08-23 20:09:44 --> Class 'App\Models\UsuarioModel' not found
#0 C:\xampp\htdocs\2021\etecgames\system\CodeIgniter.php(928): App\Controllers\Usuario->inserirUsuario()
#1 C:\xampp\htdocs\2021\etecgames\system\CodeIgniter.php(436): CodeIgniter\CodeIgniter->runController(Object(App\Controllers\Usuario))
#2 C:\xampp\htdocs\2021\etecgames\system\CodeIgniter.php(336): CodeIgniter\CodeIgniter->handleRequest(NULL, Object(Config\Cache), false)
#3 C:\xampp\htdocs\2021\etecgames\public\index.php(37): CodeIgniter\CodeIgniter->run()
#4 {main}
ERROR - 2021-08-23 20:11:16 --> Error connecting to the database: Access denied for user ''@'localhost' (using password: NO)
CRITICAL - 2021-08-23 20:11:16 --> Unable to connect to the database.
Main connection [MySQLi]: Access denied for user ''@'localhost' (using password: NO)
#0 C:\xampp\htdocs\2021\etecgames\system\Database\BaseConnection.php(625): CodeIgniter\Database\BaseConnection->initialize()
#1 C:\xampp\htdocs\2021\etecgames\system\Database\BaseBuilder.php(2277): CodeIgniter\Database\BaseConnection->query('INSERT INTO `us...', Array, false)
#2 C:\xampp\htdocs\2021\etecgames\system\Model.php(259): CodeIgniter\Database\BaseBuilder->insert()
#3 C:\xampp\htdocs\2021\etecgames\system\BaseModel.php(774): CodeIgniter\Model->doInsert(Array)
#4 C:\xampp\htdocs\2021\etecgames\system\Model.php(686): CodeIgniter\BaseModel->insert(Array, true)
#5 C:\xampp\htdocs\2021\etecgames\app\Controllers\Usuario.php(22): CodeIgniter\Model->insert()
#6 C:\xampp\htdocs\2021\etecgames\system\CodeIgniter.php(928): App\Controllers\Usuario->inserirUsuario()
#7 C:\xampp\htdocs\2021\etecgames\system\CodeIgniter.php(436): CodeIgniter\CodeIgniter->runController(Object(App\Controllers\Usuario))
#8 C:\xampp\htdocs\2021\etecgames\system\CodeIgniter.php(336): CodeIgniter\CodeIgniter->handleRequest(NULL, Object(Config\Cache), false)
#9 C:\xampp\htdocs\2021\etecgames\public\index.php(37): CodeIgniter\CodeIgniter->run()
#10 {main}
ERROR - 2021-08-23 20:16:16 --> Error connecting to the database: Access denied for user '****'@'localhost' (using password: YES)
CRITICAL - 2021-08-23 20:16:16 --> Unable to connect to the database.
Main connection [MySQLi]: Access denied for user '****'@'localhost' (using password: YES)
#0 C:\xampp\htdocs\2021\etecgames\system\Database\BaseConnection.php(625): CodeIgniter\Database\BaseConnection->initialize()
#1 C:\xampp\htdocs\2021\etecgames\system\Database\BaseBuilder.php(2277): CodeIgniter\Database\BaseConnection->query('INSERT INTO `us...', Array, false)
#2 C:\xampp\htdocs\2021\etecgames\system\Model.php(259): CodeIgniter\Database\BaseBuilder->insert()
#3 C:\xampp\htdocs\2021\etecgames\system\BaseModel.php(774): CodeIgniter\Model->doInsert(Array)
#4 C:\xampp\htdocs\2021\etecgames\system\Model.php(686): CodeIgniter\BaseModel->insert(Array, true)
#5 C:\xampp\htdocs\2021\etecgames\app\Controllers\Usuario.php(22): CodeIgniter\Model->insert()
#6 C:\xampp\htdocs\2021\etecgames\system\CodeIgniter.php(928): App\Controllers\Usuario->inserirUsuario()
#7 C:\xampp\htdocs\2021\etecgames\system\CodeIgniter.php(436): CodeIgniter\CodeIgniter->runController(Object(App\Controllers\Usuario))
#8 C:\xampp\htdocs\2021\etecgames\system\CodeIgniter.php(336): CodeIgniter\CodeIgniter->handleRequest(NULL, Object(Config\Cache), false)
#9 C:\xampp\htdocs\2021\etecgames\public\index.php(37): CodeIgniter\CodeIgniter->run()
#10 {main}
ERROR - 2021-08-23 20:18:14 --> Error connecting to the database: Access denied for user '****'@'localhost' (using password: YES)
CRITICAL - 2021-08-23 20:18:14 --> Unable to connect to the database.
Main connection [MySQLi]: Access denied for user '****'@'localhost' (using password: YES)
#0 C:\xampp\htdocs\2021\etecgames\system\Database\BaseConnection.php(625): CodeIgniter\Database\BaseConnection->initialize()
#1 C:\xampp\htdocs\2021\etecgames\system\Database\BaseBuilder.php(2277): CodeIgniter\Database\BaseConnection->query('INSERT INTO `us...', Array, false)
#2 C:\xampp\htdocs\2021\etecgames\system\Model.php(259): CodeIgniter\Database\BaseBuilder->insert()
#3 C:\xampp\htdocs\2021\etecgames\system\BaseModel.php(774): CodeIgniter\Model->doInsert(Array)
#4 C:\xampp\htdocs\2021\etecgames\system\Model.php(686): CodeIgniter\BaseModel->insert(Array, true)
#5 C:\xampp\htdocs\2021\etecgames\app\Controllers\Usuario.php(22): CodeIgniter\Model->insert()
#6 C:\xampp\htdocs\2021\etecgames\system\CodeIgniter.php(928): App\Controllers\Usuario->inserirUsuario()
#7 C:\xampp\htdocs\2021\etecgames\system\CodeIgniter.php(436): CodeIgniter\CodeIgniter->runController(Object(App\Controllers\Usuario))
#8 C:\xampp\htdocs\2021\etecgames\system\CodeIgniter.php(336): CodeIgniter\CodeIgniter->handleRequest(NULL, Object(Config\Cache), false)
#9 C:\xampp\htdocs\2021\etecgames\public\index.php(37): CodeIgniter\CodeIgniter->run()
#10 {main}
