CRITICAL - 2021-08-30 18:30:18 --> Trying to get property 'codusu' of non-object
#0 C:\xampp\htdocs\2021\etecgames\app\Views\listaCodUsu.php(22): CodeIgniter\Debug\Exceptions->errorHandler(8, 'Trying to get p...', 'C:\\xampp\\htdocs...', 22, Array)
#1 C:\xampp\htdocs\2021\etecgames\system\View\View.php(230): include('C:\\xampp\\htdocs...')
#2 C:\xampp\htdocs\2021\etecgames\system\View\View.php(232): CodeIgniter\View\View->CodeIgniter\View\{closure}()
#3 C:\xampp\htdocs\2021\etecgames\system\Common.php(1271): CodeIgniter\View\View->render('listaCodUsu', Array, true)
#4 C:\xampp\htdocs\2021\etecgames\app\Controllers\UsuarioController.php(55): view('listaCodUsu', Array)
#5 C:\xampp\htdocs\2021\etecgames\system\CodeIgniter.php(928): App\Controllers\UsuarioController->listaCodUsuario()
#6 C:\xampp\htdocs\2021\etecgames\system\CodeIgniter.php(436): CodeIgniter\CodeIgniter->runController(Object(App\Controllers\UsuarioController))
#7 C:\xampp\htdocs\2021\etecgames\system\CodeIgniter.php(336): CodeIgniter\CodeIgniter->handleRequest(NULL, Object(Config\Cache), false)
#8 C:\xampp\htdocs\2021\etecgames\public\index.php(37): CodeIgniter\CodeIgniter->run()
#9 {main}
CRITICAL - 2021-08-30 18:33:00 --> syntax error, unexpected '[', expecting identifier (T_STRING) or variable (T_VARIABLE) or '{' or '$'
#0 C:\xampp\htdocs\2021\etecgames\system\View\View.php(232): CodeIgniter\View\View->CodeIgniter\View\{closure}()
#1 C:\xampp\htdocs\2021\etecgames\system\Common.php(1271): CodeIgniter\View\View->render('listaCodUsu', Array, true)
#2 C:\xampp\htdocs\2021\etecgames\app\Controllers\UsuarioController.php(55): view('listaCodUsu', Array)
#3 C:\xampp\htdocs\2021\etecgames\system\CodeIgniter.php(928): App\Controllers\UsuarioController->listaCodUsuario()
#4 C:\xampp\htdocs\2021\etecgames\system\CodeIgniter.php(436): CodeIgniter\CodeIgniter->runController(Object(App\Controllers\UsuarioController))
#5 C:\xampp\htdocs\2021\etecgames\system\CodeIgniter.php(336): CodeIgniter\CodeIgniter->handleRequest(NULL, Object(Config\Cache), false)
#6 C:\xampp\htdocs\2021\etecgames\public\index.php(37): CodeIgniter\CodeIgniter->run()
#7 {main}
CRITICAL - 2021-08-30 18:34:41 --> Trying to get property 'codusu' of non-object
#0 C:\xampp\htdocs\2021\etecgames\app\Views\listaCodUsu.php(22): CodeIgniter\Debug\Exceptions->errorHandler(8, 'Trying to get p...', 'C:\\xampp\\htdocs...', 22, Array)
#1 C:\xampp\htdocs\2021\etecgames\system\View\View.php(230): include('C:\\xampp\\htdocs...')
#2 C:\xampp\htdocs\2021\etecgames\system\View\View.php(232): CodeIgniter\View\View->CodeIgniter\View\{closure}()
#3 C:\xampp\htdocs\2021\etecgames\system\Common.php(1271): CodeIgniter\View\View->render('listaCodUsu', Array, true)
#4 C:\xampp\htdocs\2021\etecgames\app\Controllers\UsuarioController.php(55): view('listaCodUsu', Array)
#5 C:\xampp\htdocs\2021\etecgames\system\CodeIgniter.php(928): App\Controllers\UsuarioController->listaCodUsuario()
#6 C:\xampp\htdocs\2021\etecgames\system\CodeIgniter.php(436): CodeIgniter\CodeIgniter->runController(Object(App\Controllers\UsuarioController))
#7 C:\xampp\htdocs\2021\etecgames\system\CodeIgniter.php(336): CodeIgniter\CodeIgniter->handleRequest(NULL, Object(Config\Cache), false)
#8 C:\xampp\htdocs\2021\etecgames\public\index.php(37): CodeIgniter\CodeIgniter->run()
#9 {main}
CRITICAL - 2021-08-30 18:34:59 --> Trying to get property 'codUsu' of non-object
#0 C:\xampp\htdocs\2021\etecgames\app\Views\listaCodUsu.php(22): CodeIgniter\Debug\Exceptions->errorHandler(8, 'Trying to get p...', 'C:\\xampp\\htdocs...', 22, Array)
#1 C:\xampp\htdocs\2021\etecgames\system\View\View.php(230): include('C:\\xampp\\htdocs...')
#2 C:\xampp\htdocs\2021\etecgames\system\View\View.php(232): CodeIgniter\View\View->CodeIgniter\View\{closure}()
#3 C:\xampp\htdocs\2021\etecgames\system\Common.php(1271): CodeIgniter\View\View->render('listaCodUsu', Array, true)
#4 C:\xampp\htdocs\2021\etecgames\app\Controllers\UsuarioController.php(55): view('listaCodUsu', Array)
#5 C:\xampp\htdocs\2021\etecgames\system\CodeIgniter.php(928): App\Controllers\UsuarioController->listaCodUsuario()
#6 C:\xampp\htdocs\2021\etecgames\system\CodeIgniter.php(436): CodeIgniter\CodeIgniter->runController(Object(App\Controllers\UsuarioController))
#7 C:\xampp\htdocs\2021\etecgames\system\CodeIgniter.php(336): CodeIgniter\CodeIgniter->handleRequest(NULL, Object(Config\Cache), false)
#8 C:\xampp\htdocs\2021\etecgames\public\index.php(37): CodeIgniter\CodeIgniter->run()
#9 {main}
CRITICAL - 2021-08-30 19:10:51 --> Trying to get property 'codUsu' of non-object
#0 C:\xampp\htdocs\2021\etecgames\app\Views\listaCodUsu.php(22): CodeIgniter\Debug\Exceptions->errorHandler(8, 'Trying to get p...', 'C:\\xampp\\htdocs...', 22, Array)
#1 C:\xampp\htdocs\2021\etecgames\system\View\View.php(230): include('C:\\xampp\\htdocs...')
#2 C:\xampp\htdocs\2021\etecgames\system\View\View.php(232): CodeIgniter\View\View->CodeIgniter\View\{closure}()
#3 C:\xampp\htdocs\2021\etecgames\system\Common.php(1271): CodeIgniter\View\View->render('listaCodUsu', Array, true)
#4 C:\xampp\htdocs\2021\etecgames\app\Controllers\UsuarioController.php(55): view('listaCodUsu', Array)
#5 C:\xampp\htdocs\2021\etecgames\system\CodeIgniter.php(928): App\Controllers\UsuarioController->listaCodUsuario()
#6 C:\xampp\htdocs\2021\etecgames\system\CodeIgniter.php(436): CodeIgniter\CodeIgniter->runController(Object(App\Controllers\UsuarioController))
#7 C:\xampp\htdocs\2021\etecgames\system\CodeIgniter.php(336): CodeIgniter\CodeIgniter->handleRequest(NULL, Object(Config\Cache), false)
#8 C:\xampp\htdocs\2021\etecgames\public\index.php(37): CodeIgniter\CodeIgniter->run()
#9 {main}
CRITICAL - 2021-08-30 19:11:44 --> Trying to get property 'codUsu' of non-object
#0 C:\xampp\htdocs\2021\etecgames\app\Views\listaCodUsu.php(22): CodeIgniter\Debug\Exceptions->errorHandler(8, 'Trying to get p...', 'C:\\xampp\\htdocs...', 22, Array)
#1 C:\xampp\htdocs\2021\etecgames\system\View\View.php(230): include('C:\\xampp\\htdocs...')
#2 C:\xampp\htdocs\2021\etecgames\system\View\View.php(232): CodeIgniter\View\View->CodeIgniter\View\{closure}()
#3 C:\xampp\htdocs\2021\etecgames\system\Common.php(1271): CodeIgniter\View\View->render('listaCodUsu', Array, true)
#4 C:\xampp\htdocs\2021\etecgames\app\Controllers\UsuarioController.php(55): view('listaCodUsu', Array)
#5 C:\xampp\htdocs\2021\etecgames\system\CodeIgniter.php(928): App\Controllers\UsuarioController->listaCodUsuario()
#6 C:\xampp\htdocs\2021\etecgames\system\CodeIgniter.php(436): CodeIgniter\CodeIgniter->runController(Object(App\Controllers\UsuarioController))
#7 C:\xampp\htdocs\2021\etecgames\system\CodeIgniter.php(336): CodeIgniter\CodeIgniter->handleRequest(NULL, Object(Config\Cache), false)
#8 C:\xampp\htdocs\2021\etecgames\public\index.php(37): CodeIgniter\CodeIgniter->run()
#9 {main}
CRITICAL - 2021-08-30 19:12:59 --> Trying to get property 'codusu' of non-object
#0 C:\xampp\htdocs\2021\etecgames\app\Views\listaCodUsu.php(22): CodeIgniter\Debug\Exceptions->errorHandler(8, 'Trying to get p...', 'C:\\xampp\\htdocs...', 22, Array)
#1 C:\xampp\htdocs\2021\etecgames\system\View\View.php(230): include('C:\\xampp\\htdocs...')
#2 C:\xampp\htdocs\2021\etecgames\system\View\View.php(232): CodeIgniter\View\View->CodeIgniter\View\{closure}()
#3 C:\xampp\htdocs\2021\etecgames\system\Common.php(1271): CodeIgniter\View\View->render('listaCodUsu', Array, true)
#4 C:\xampp\htdocs\2021\etecgames\app\Controllers\UsuarioController.php(55): view('listaCodUsu', Array)
#5 C:\xampp\htdocs\2021\etecgames\system\CodeIgniter.php(928): App\Controllers\UsuarioController->listaCodUsuario()
#6 C:\xampp\htdocs\2021\etecgames\system\CodeIgniter.php(436): CodeIgniter\CodeIgniter->runController(Object(App\Controllers\UsuarioController))
#7 C:\xampp\htdocs\2021\etecgames\system\CodeIgniter.php(336): CodeIgniter\CodeIgniter->handleRequest(NULL, Object(Config\Cache), false)
#8 C:\xampp\htdocs\2021\etecgames\public\index.php(37): CodeIgniter\CodeIgniter->run()
#9 {main}
CRITICAL - 2021-08-30 19:13:49 --> Trying to get property 'codUsu' of non-object
#0 C:\xampp\htdocs\2021\etecgames\app\Views\listaCodUsu.php(22): CodeIgniter\Debug\Exceptions->errorHandler(8, 'Trying to get p...', 'C:\\xampp\\htdocs...', 22, Array)
#1 C:\xampp\htdocs\2021\etecgames\system\View\View.php(230): include('C:\\xampp\\htdocs...')
#2 C:\xampp\htdocs\2021\etecgames\system\View\View.php(232): CodeIgniter\View\View->CodeIgniter\View\{closure}()
#3 C:\xampp\htdocs\2021\etecgames\system\Common.php(1271): CodeIgniter\View\View->render('listaCodUsu', Array, true)
#4 C:\xampp\htdocs\2021\etecgames\app\Controllers\UsuarioController.php(55): view('listaCodUsu', Array)
#5 C:\xampp\htdocs\2021\etecgames\system\CodeIgniter.php(928): App\Controllers\UsuarioController->listaCodUsuario()
#6 C:\xampp\htdocs\2021\etecgames\system\CodeIgniter.php(436): CodeIgniter\CodeIgniter->runController(Object(App\Controllers\UsuarioController))
#7 C:\xampp\htdocs\2021\etecgames\system\CodeIgniter.php(336): CodeIgniter\CodeIgniter->handleRequest(NULL, Object(Config\Cache), false)
#8 C:\xampp\htdocs\2021\etecgames\public\index.php(37): CodeIgniter\CodeIgniter->run()
#9 {main}
CRITICAL - 2021-08-30 19:14:15 --> Trying to get property 'codUsu' of non-object
#0 C:\xampp\htdocs\2021\etecgames\app\Views\listaCodUsu.php(22): CodeIgniter\Debug\Exceptions->errorHandler(8, 'Trying to get p...', 'C:\\xampp\\htdocs...', 22, Array)
#1 C:\xampp\htdocs\2021\etecgames\system\View\View.php(230): include('C:\\xampp\\htdocs...')
#2 C:\xampp\htdocs\2021\etecgames\system\View\View.php(232): CodeIgniter\View\View->CodeIgniter\View\{closure}()
#3 C:\xampp\htdocs\2021\etecgames\system\Common.php(1271): CodeIgniter\View\View->render('listaCodUsu', Array, true)
#4 C:\xampp\htdocs\2021\etecgames\app\Controllers\UsuarioController.php(55): view('listaCodUsu', Array)
#5 C:\xampp\htdocs\2021\etecgames\system\CodeIgniter.php(928): App\Controllers\UsuarioController->listaCodUsuario()
#6 C:\xampp\htdocs\2021\etecgames\system\CodeIgniter.php(436): CodeIgniter\CodeIgniter->runController(Object(App\Controllers\UsuarioController))
#7 C:\xampp\htdocs\2021\etecgames\system\CodeIgniter.php(336): CodeIgniter\CodeIgniter->handleRequest(NULL, Object(Config\Cache), false)
#8 C:\xampp\htdocs\2021\etecgames\public\index.php(37): CodeIgniter\CodeIgniter->run()
#9 {main}
CRITICAL - 2021-08-30 19:15:00 --> Trying to get property 'codUsu' of non-object
#0 C:\xampp\htdocs\2021\etecgames\app\Views\listaCodUsu.php(22): CodeIgniter\Debug\Exceptions->errorHandler(8, 'Trying to get p...', 'C:\\xampp\\htdocs...', 22, Array)
#1 C:\xampp\htdocs\2021\etecgames\system\View\View.php(230): include('C:\\xampp\\htdocs...')
#2 C:\xampp\htdocs\2021\etecgames\system\View\View.php(232): CodeIgniter\View\View->CodeIgniter\View\{closure}()
#3 C:\xampp\htdocs\2021\etecgames\system\Common.php(1271): CodeIgniter\View\View->render('listaCodUsu', Array, true)
#4 C:\xampp\htdocs\2021\etecgames\app\Controllers\UsuarioController.php(55): view('listaCodUsu', Array)
#5 C:\xampp\htdocs\2021\etecgames\system\CodeIgniter.php(928): App\Controllers\UsuarioController->listaCodUsuario()
#6 C:\xampp\htdocs\2021\etecgames\system\CodeIgniter.php(436): CodeIgniter\CodeIgniter->runController(Object(App\Controllers\UsuarioController))
#7 C:\xampp\htdocs\2021\etecgames\system\CodeIgniter.php(336): CodeIgniter\CodeIgniter->handleRequest(NULL, Object(Config\Cache), false)
#8 C:\xampp\htdocs\2021\etecgames\public\index.php(37): CodeIgniter\CodeIgniter->run()
#9 {main}
CRITICAL - 2021-08-30 19:15:13 --> Trying to get property 'codUsu' of non-object
#0 C:\xampp\htdocs\2021\etecgames\app\Views\listaCodUsu.php(22): CodeIgniter\Debug\Exceptions->errorHandler(8, 'Trying to get p...', 'C:\\xampp\\htdocs...', 22, Array)
#1 C:\xampp\htdocs\2021\etecgames\system\View\View.php(230): include('C:\\xampp\\htdocs...')
#2 C:\xampp\htdocs\2021\etecgames\system\View\View.php(232): CodeIgniter\View\View->CodeIgniter\View\{closure}()
#3 C:\xampp\htdocs\2021\etecgames\system\Common.php(1271): CodeIgniter\View\View->render('listaCodUsu', Array, true)
#4 C:\xampp\htdocs\2021\etecgames\app\Controllers\UsuarioController.php(55): view('listaCodUsu', Array)
#5 C:\xampp\htdocs\2021\etecgames\system\CodeIgniter.php(928): App\Controllers\UsuarioController->listaCodUsuario()
#6 C:\xampp\htdocs\2021\etecgames\system\CodeIgniter.php(436): CodeIgniter\CodeIgniter->runController(Object(App\Controllers\UsuarioController))
#7 C:\xampp\htdocs\2021\etecgames\system\CodeIgniter.php(336): CodeIgniter\CodeIgniter->handleRequest(NULL, Object(Config\Cache), false)
#8 C:\xampp\htdocs\2021\etecgames\public\index.php(37): CodeIgniter\CodeIgniter->run()
#9 {main}
CRITICAL - 2021-08-30 19:15:19 --> Trying to get property 'codUsu' of non-object
#0 C:\xampp\htdocs\2021\etecgames\app\Views\listaCodUsu.php(22): CodeIgniter\Debug\Exceptions->errorHandler(8, 'Trying to get p...', 'C:\\xampp\\htdocs...', 22, Array)
#1 C:\xampp\htdocs\2021\etecgames\system\View\View.php(230): include('C:\\xampp\\htdocs...')
#2 C:\xampp\htdocs\2021\etecgames\system\View\View.php(232): CodeIgniter\View\View->CodeIgniter\View\{closure}()
#3 C:\xampp\htdocs\2021\etecgames\system\Common.php(1271): CodeIgniter\View\View->render('listaCodUsu', Array, true)
#4 C:\xampp\htdocs\2021\etecgames\app\Controllers\UsuarioController.php(55): view('listaCodUsu', Array)
#5 C:\xampp\htdocs\2021\etecgames\system\CodeIgniter.php(928): App\Controllers\UsuarioController->listaCodUsuario()
#6 C:\xampp\htdocs\2021\etecgames\system\CodeIgniter.php(436): CodeIgniter\CodeIgniter->runController(Object(App\Controllers\UsuarioController))
#7 C:\xampp\htdocs\2021\etecgames\system\CodeIgniter.php(336): CodeIgniter\CodeIgniter->handleRequest(NULL, Object(Config\Cache), false)
#8 C:\xampp\htdocs\2021\etecgames\public\index.php(37): CodeIgniter\CodeIgniter->run()
#9 {main}
CRITICAL - 2021-08-30 19:15:34 --> Trying to get property 'codusu' of non-object
#0 C:\xampp\htdocs\2021\etecgames\app\Views\listaCodUsu.php(22): CodeIgniter\Debug\Exceptions->errorHandler(8, 'Trying to get p...', 'C:\\xampp\\htdocs...', 22, Array)
#1 C:\xampp\htdocs\2021\etecgames\system\View\View.php(230): include('C:\\xampp\\htdocs...')
#2 C:\xampp\htdocs\2021\etecgames\system\View\View.php(232): CodeIgniter\View\View->CodeIgniter\View\{closure}()
#3 C:\xampp\htdocs\2021\etecgames\system\Common.php(1271): CodeIgniter\View\View->render('listaCodUsu', Array, true)
#4 C:\xampp\htdocs\2021\etecgames\app\Controllers\UsuarioController.php(55): view('listaCodUsu', Array)
#5 C:\xampp\htdocs\2021\etecgames\system\CodeIgniter.php(928): App\Controllers\UsuarioController->listaCodUsuario()
#6 C:\xampp\htdocs\2021\etecgames\system\CodeIgniter.php(436): CodeIgniter\CodeIgniter->runController(Object(App\Controllers\UsuarioController))
#7 C:\xampp\htdocs\2021\etecgames\system\CodeIgniter.php(336): CodeIgniter\CodeIgniter->handleRequest(NULL, Object(Config\Cache), false)
#8 C:\xampp\htdocs\2021\etecgames\public\index.php(37): CodeIgniter\CodeIgniter->run()
#9 {main}
CRITICAL - 2021-08-30 19:16:39 --> Trying to get property 'codusu' of non-object
#0 C:\xampp\htdocs\2021\etecgames\app\Views\listaCodUsu.php(22): CodeIgniter\Debug\Exceptions->errorHandler(8, 'Trying to get p...', 'C:\\xampp\\htdocs...', 22, Array)
#1 C:\xampp\htdocs\2021\etecgames\system\View\View.php(230): include('C:\\xampp\\htdocs...')
#2 C:\xampp\htdocs\2021\etecgames\system\View\View.php(232): CodeIgniter\View\View->CodeIgniter\View\{closure}()
#3 C:\xampp\htdocs\2021\etecgames\system\Common.php(1271): CodeIgniter\View\View->render('listaCodUsu', Array, true)
#4 C:\xampp\htdocs\2021\etecgames\app\Controllers\UsuarioController.php(55): view('listaCodUsu', Array)
#5 C:\xampp\htdocs\2021\etecgames\system\CodeIgniter.php(928): App\Controllers\UsuarioController->listaCodUsuario()
#6 C:\xampp\htdocs\2021\etecgames\system\CodeIgniter.php(436): CodeIgniter\CodeIgniter->runController(Object(App\Controllers\UsuarioController))
#7 C:\xampp\htdocs\2021\etecgames\system\CodeIgniter.php(336): CodeIgniter\CodeIgniter->handleRequest(NULL, Object(Config\Cache), false)
#8 C:\xampp\htdocs\2021\etecgames\public\index.php(37): CodeIgniter\CodeIgniter->run()
#9 {main}
CRITICAL - 2021-08-30 19:16:54 --> Trying to get property 'codusu' of non-object
#0 C:\xampp\htdocs\2021\etecgames\app\Views\listaCodUsu.php(22): CodeIgniter\Debug\Exceptions->errorHandler(8, 'Trying to get p...', 'C:\\xampp\\htdocs...', 22, Array)
#1 C:\xampp\htdocs\2021\etecgames\system\View\View.php(230): include('C:\\xampp\\htdocs...')
#2 C:\xampp\htdocs\2021\etecgames\system\View\View.php(232): CodeIgniter\View\View->CodeIgniter\View\{closure}()
#3 C:\xampp\htdocs\2021\etecgames\system\Common.php(1271): CodeIgniter\View\View->render('listaCodUsu', Array, true)
#4 C:\xampp\htdocs\2021\etecgames\app\Controllers\UsuarioController.php(55): view('listaCodUsu', Array)
#5 C:\xampp\htdocs\2021\etecgames\system\CodeIgniter.php(928): App\Controllers\UsuarioController->listaCodUsuario()
#6 C:\xampp\htdocs\2021\etecgames\system\CodeIgniter.php(436): CodeIgniter\CodeIgniter->runController(Object(App\Controllers\UsuarioController))
#7 C:\xampp\htdocs\2021\etecgames\system\CodeIgniter.php(336): CodeIgniter\CodeIgniter->handleRequest(NULL, Object(Config\Cache), false)
#8 C:\xampp\htdocs\2021\etecgames\public\index.php(37): CodeIgniter\CodeIgniter->run()
#9 {main}
CRITICAL - 2021-08-30 19:18:39 --> Trying to get property 'codusu' of non-object
#0 C:\xampp\htdocs\2021\etecgames\app\Views\listaCodUsu.php(20): CodeIgniter\Debug\Exceptions->errorHandler(8, 'Trying to get p...', 'C:\\xampp\\htdocs...', 20, Array)
#1 C:\xampp\htdocs\2021\etecgames\system\View\View.php(230): include('C:\\xampp\\htdocs...')
#2 C:\xampp\htdocs\2021\etecgames\system\View\View.php(232): CodeIgniter\View\View->CodeIgniter\View\{closure}()
#3 C:\xampp\htdocs\2021\etecgames\system\Common.php(1271): CodeIgniter\View\View->render('listaCodUsu', Array, true)
#4 C:\xampp\htdocs\2021\etecgames\app\Controllers\UsuarioController.php(55): view('listaCodUsu', Array)
#5 C:\xampp\htdocs\2021\etecgames\system\CodeIgniter.php(928): App\Controllers\UsuarioController->listaCodUsuario()
#6 C:\xampp\htdocs\2021\etecgames\system\CodeIgniter.php(436): CodeIgniter\CodeIgniter->runController(Object(App\Controllers\UsuarioController))
#7 C:\xampp\htdocs\2021\etecgames\system\CodeIgniter.php(336): CodeIgniter\CodeIgniter->handleRequest(NULL, Object(Config\Cache), false)
#8 C:\xampp\htdocs\2021\etecgames\public\index.php(37): CodeIgniter\CodeIgniter->run()
#9 {main}
CRITICAL - 2021-08-30 19:19:05 --> Trying to get property 'codusu' of non-object
#0 C:\xampp\htdocs\2021\etecgames\app\Views\listaCodUsu.php(22): CodeIgniter\Debug\Exceptions->errorHandler(8, 'Trying to get p...', 'C:\\xampp\\htdocs...', 22, Array)
#1 C:\xampp\htdocs\2021\etecgames\system\View\View.php(230): include('C:\\xampp\\htdocs...')
#2 C:\xampp\htdocs\2021\etecgames\system\View\View.php(232): CodeIgniter\View\View->CodeIgniter\View\{closure}()
#3 C:\xampp\htdocs\2021\etecgames\system\Common.php(1271): CodeIgniter\View\View->render('listaCodUsu', Array, true)
#4 C:\xampp\htdocs\2021\etecgames\app\Controllers\UsuarioController.php(55): view('listaCodUsu', Array)
#5 C:\xampp\htdocs\2021\etecgames\system\CodeIgniter.php(928): App\Controllers\UsuarioController->listaCodUsuario()
#6 C:\xampp\htdocs\2021\etecgames\system\CodeIgniter.php(436): CodeIgniter\CodeIgniter->runController(Object(App\Controllers\UsuarioController))
#7 C:\xampp\htdocs\2021\etecgames\system\CodeIgniter.php(336): CodeIgniter\CodeIgniter->handleRequest(NULL, Object(Config\Cache), false)
#8 C:\xampp\htdocs\2021\etecgames\public\index.php(37): CodeIgniter\CodeIgniter->run()
#9 {main}
CRITICAL - 2021-08-30 19:19:44 --> Trying to get property 'codusu' of non-object
#0 C:\xampp\htdocs\2021\etecgames\app\Views\listaCodUsu.php(22): CodeIgniter\Debug\Exceptions->errorHandler(8, 'Trying to get p...', 'C:\\xampp\\htdocs...', 22, Array)
#1 C:\xampp\htdocs\2021\etecgames\system\View\View.php(230): include('C:\\xampp\\htdocs...')
#2 C:\xampp\htdocs\2021\etecgames\system\View\View.php(232): CodeIgniter\View\View->CodeIgniter\View\{closure}()
#3 C:\xampp\htdocs\2021\etecgames\system\Common.php(1271): CodeIgniter\View\View->render('listaCodUsu', Array, true)
#4 C:\xampp\htdocs\2021\etecgames\app\Controllers\UsuarioController.php(55): view('listaCodUsu', Array)
#5 C:\xampp\htdocs\2021\etecgames\system\CodeIgniter.php(928): App\Controllers\UsuarioController->listaCodUsuario()
#6 C:\xampp\htdocs\2021\etecgames\system\CodeIgniter.php(436): CodeIgniter\CodeIgniter->runController(Object(App\Controllers\UsuarioController))
#7 C:\xampp\htdocs\2021\etecgames\system\CodeIgniter.php(336): CodeIgniter\CodeIgniter->handleRequest(NULL, Object(Config\Cache), false)
#8 C:\xampp\htdocs\2021\etecgames\public\index.php(37): CodeIgniter\CodeIgniter->run()
#9 {main}
CRITICAL - 2021-08-30 19:21:39 --> Trying to get property 'codusu' of non-object
#0 C:\xampp\htdocs\2021\etecgames\app\Views\listaCodUsu.php(13): CodeIgniter\Debug\Exceptions->errorHandler(8, 'Trying to get p...', 'C:\\xampp\\htdocs...', 13, Array)
#1 C:\xampp\htdocs\2021\etecgames\system\View\View.php(230): include('C:\\xampp\\htdocs...')
#2 C:\xampp\htdocs\2021\etecgames\system\View\View.php(232): CodeIgniter\View\View->CodeIgniter\View\{closure}()
#3 C:\xampp\htdocs\2021\etecgames\system\Common.php(1271): CodeIgniter\View\View->render('listaCodUsu', Array, true)
#4 C:\xampp\htdocs\2021\etecgames\app\Controllers\UsuarioController.php(55): view('listaCodUsu', Array)
#5 C:\xampp\htdocs\2021\etecgames\system\CodeIgniter.php(928): App\Controllers\UsuarioController->listaCodUsuario()
#6 C:\xampp\htdocs\2021\etecgames\system\CodeIgniter.php(436): CodeIgniter\CodeIgniter->runController(Object(App\Controllers\UsuarioController))
#7 C:\xampp\htdocs\2021\etecgames\system\CodeIgniter.php(336): CodeIgniter\CodeIgniter->handleRequest(NULL, Object(Config\Cache), false)
#8 C:\xampp\htdocs\2021\etecgames\public\index.php(37): CodeIgniter\CodeIgniter->run()
#9 {main}
ERROR - 2021-08-30 19:27:41 --> Unknown column 'usuario_tb.id' in 'where clause'
CRITICAL - 2021-08-30 19:27:41 --> Unknown column 'usuario_tb.id' in 'where clause'
#0 C:\xampp\htdocs\2021\etecgames\system\Database\MySQLi\Connection.php(329): mysqli->query('SELECT *\nFROM `...')
#1 C:\xampp\htdocs\2021\etecgames\system\Database\BaseConnection.php(732): CodeIgniter\Database\MySQLi\Connection->execute('SELECT *\nFROM `...')
#2 C:\xampp\htdocs\2021\etecgames\system\Database\BaseConnection.php(647): CodeIgniter\Database\BaseConnection->simpleQuery('SELECT *\nFROM `...')
#3 C:\xampp\htdocs\2021\etecgames\system\Database\BaseBuilder.php(1881): CodeIgniter\Database\BaseConnection->query('SELECT *\nFROM `...', Array, false)
#4 C:\xampp\htdocs\2021\etecgames\system\Model.php(153): CodeIgniter\Database\BaseBuilder->get()
#5 C:\xampp\htdocs\2021\etecgames\system\BaseModel.php(538): CodeIgniter\Model->doFind(true, '1')
#6 C:\xampp\htdocs\2021\etecgames\app\Controllers\UsuarioController.php(51): CodeIgniter\BaseModel->find('1')
#7 C:\xampp\htdocs\2021\etecgames\system\CodeIgniter.php(928): App\Controllers\UsuarioController->listaCodUsuario()
#8 C:\xampp\htdocs\2021\etecgames\system\CodeIgniter.php(436): CodeIgniter\CodeIgniter->runController(Object(App\Controllers\UsuarioController))
#9 C:\xampp\htdocs\2021\etecgames\system\CodeIgniter.php(336): CodeIgniter\CodeIgniter->handleRequest(NULL, Object(Config\Cache), false)
#10 C:\xampp\htdocs\2021\etecgames\public\index.php(37): CodeIgniter\CodeIgniter->run()
#11 {main}
ERROR - 2021-08-30 19:28:04 --> Unknown column 'usuario_tb.id' in 'where clause'
CRITICAL - 2021-08-30 19:28:04 --> Unknown column 'usuario_tb.id' in 'where clause'
#0 C:\xampp\htdocs\2021\etecgames\system\Database\MySQLi\Connection.php(329): mysqli->query('SELECT *\nFROM `...')
#1 C:\xampp\htdocs\2021\etecgames\system\Database\BaseConnection.php(732): CodeIgniter\Database\MySQLi\Connection->execute('SELECT *\nFROM `...')
#2 C:\xampp\htdocs\2021\etecgames\system\Database\BaseConnection.php(647): CodeIgniter\Database\BaseConnection->simpleQuery('SELECT *\nFROM `...')
#3 C:\xampp\htdocs\2021\etecgames\system\Database\BaseBuilder.php(1881): CodeIgniter\Database\BaseConnection->query('SELECT *\nFROM `...', Array, false)
#4 C:\xampp\htdocs\2021\etecgames\system\Model.php(153): CodeIgniter\Database\BaseBuilder->get()
#5 C:\xampp\htdocs\2021\etecgames\system\BaseModel.php(538): CodeIgniter\Model->doFind(true, '0')
#6 C:\xampp\htdocs\2021\etecgames\app\Controllers\UsuarioController.php(51): CodeIgniter\BaseModel->find('0')
#7 C:\xampp\htdocs\2021\etecgames\system\CodeIgniter.php(928): App\Controllers\UsuarioController->listaCodUsuario()
#8 C:\xampp\htdocs\2021\etecgames\system\CodeIgniter.php(436): CodeIgniter\CodeIgniter->runController(Object(App\Controllers\UsuarioController))
#9 C:\xampp\htdocs\2021\etecgames\system\CodeIgniter.php(336): CodeIgniter\CodeIgniter->handleRequest(NULL, Object(Config\Cache), false)
#10 C:\xampp\htdocs\2021\etecgames\public\index.php(37): CodeIgniter\CodeIgniter->run()
#11 {main}
ERROR - 2021-08-30 19:31:25 --> Unknown column 'usuario_tb.id' in 'where clause'
CRITICAL - 2021-08-30 19:31:25 --> Unknown column 'usuario_tb.id' in 'where clause'
#0 C:\xampp\htdocs\2021\etecgames\system\Database\MySQLi\Connection.php(329): mysqli->query('SELECT *\nFROM `...')
#1 C:\xampp\htdocs\2021\etecgames\system\Database\BaseConnection.php(732): CodeIgniter\Database\MySQLi\Connection->execute('SELECT *\nFROM `...')
#2 C:\xampp\htdocs\2021\etecgames\system\Database\BaseConnection.php(647): CodeIgniter\Database\BaseConnection->simpleQuery('SELECT *\nFROM `...')
#3 C:\xampp\htdocs\2021\etecgames\system\Database\BaseBuilder.php(1881): CodeIgniter\Database\BaseConnection->query('SELECT *\nFROM `...', Array, false)
#4 C:\xampp\htdocs\2021\etecgames\system\Model.php(153): CodeIgniter\Database\BaseBuilder->get()
#5 C:\xampp\htdocs\2021\etecgames\system\BaseModel.php(538): CodeIgniter\Model->doFind(true, '0')
#6 C:\xampp\htdocs\2021\etecgames\app\Controllers\UsuarioController.php(51): CodeIgniter\BaseModel->find('0')
#7 C:\xampp\htdocs\2021\etecgames\system\CodeIgniter.php(928): App\Controllers\UsuarioController->listaCodUsuario()
#8 C:\xampp\htdocs\2021\etecgames\system\CodeIgniter.php(436): CodeIgniter\CodeIgniter->runController(Object(App\Controllers\UsuarioController))
#9 C:\xampp\htdocs\2021\etecgames\system\CodeIgniter.php(336): CodeIgniter\CodeIgniter->handleRequest(NULL, Object(Config\Cache), false)
#10 C:\xampp\htdocs\2021\etecgames\public\index.php(37): CodeIgniter\CodeIgniter->run()
#11 {main}
ERROR - 2021-08-30 19:33:20 --> Unknown column 'usuario_tb.id' in 'where clause'
CRITICAL - 2021-08-30 19:33:20 --> Unknown column 'usuario_tb.id' in 'where clause'
#0 C:\xampp\htdocs\2021\etecgames\system\Database\MySQLi\Connection.php(329): mysqli->query('SELECT *\nFROM `...')
#1 C:\xampp\htdocs\2021\etecgames\system\Database\BaseConnection.php(732): CodeIgniter\Database\MySQLi\Connection->execute('SELECT *\nFROM `...')
#2 C:\xampp\htdocs\2021\etecgames\system\Database\BaseConnection.php(647): CodeIgniter\Database\BaseConnection->simpleQuery('SELECT *\nFROM `...')
#3 C:\xampp\htdocs\2021\etecgames\system\Database\BaseBuilder.php(1881): CodeIgniter\Database\BaseConnection->query('SELECT *\nFROM `...', Array, false)
#4 C:\xampp\htdocs\2021\etecgames\system\Model.php(153): CodeIgniter\Database\BaseBuilder->get()
#5 C:\xampp\htdocs\2021\etecgames\system\BaseModel.php(538): CodeIgniter\Model->doFind(true, '0')
#6 C:\xampp\htdocs\2021\etecgames\app\Controllers\UsuarioController.php(51): CodeIgniter\BaseModel->find('0')
#7 C:\xampp\htdocs\2021\etecgames\system\CodeIgniter.php(928): App\Controllers\UsuarioController->listaCodUsuario()
#8 C:\xampp\htdocs\2021\etecgames\system\CodeIgniter.php(436): CodeIgniter\CodeIgniter->runController(Object(App\Controllers\UsuarioController))
#9 C:\xampp\htdocs\2021\etecgames\system\CodeIgniter.php(336): CodeIgniter\CodeIgniter->handleRequest(NULL, Object(Config\Cache), false)
#10 C:\xampp\htdocs\2021\etecgames\public\index.php(37): CodeIgniter\CodeIgniter->run()
#11 {main}
ERROR - 2021-08-30 19:34:08 --> Unknown column 'usuario_tb.id' in 'where clause'
CRITICAL - 2021-08-30 19:34:08 --> Unknown column 'usuario_tb.id' in 'where clause'
#0 C:\xampp\htdocs\2021\etecgames\system\Database\MySQLi\Connection.php(329): mysqli->query('SELECT *\nFROM `...')
#1 C:\xampp\htdocs\2021\etecgames\system\Database\BaseConnection.php(732): CodeIgniter\Database\MySQLi\Connection->execute('SELECT *\nFROM `...')
#2 C:\xampp\htdocs\2021\etecgames\system\Database\BaseConnection.php(647): CodeIgniter\Database\BaseConnection->simpleQuery('SELECT *\nFROM `...')
#3 C:\xampp\htdocs\2021\etecgames\system\Database\BaseBuilder.php(1881): CodeIgniter\Database\BaseConnection->query('SELECT *\nFROM `...', Array, false)
#4 C:\xampp\htdocs\2021\etecgames\system\Model.php(153): CodeIgniter\Database\BaseBuilder->get()
#5 C:\xampp\htdocs\2021\etecgames\system\BaseModel.php(538): CodeIgniter\Model->doFind(true, '0')
#6 C:\xampp\htdocs\2021\etecgames\app\Controllers\UsuarioController.php(51): CodeIgniter\BaseModel->find('0')
#7 C:\xampp\htdocs\2021\etecgames\system\CodeIgniter.php(928): App\Controllers\UsuarioController->listaCodUsuario()
#8 C:\xampp\htdocs\2021\etecgames\system\CodeIgniter.php(436): CodeIgniter\CodeIgniter->runController(Object(App\Controllers\UsuarioController))
#9 C:\xampp\htdocs\2021\etecgames\system\CodeIgniter.php(336): CodeIgniter\CodeIgniter->handleRequest(NULL, Object(Config\Cache), false)
#10 C:\xampp\htdocs\2021\etecgames\public\index.php(37): CodeIgniter\CodeIgniter->run()
#11 {main}
ERROR - 2021-08-30 19:34:14 --> Unknown column 'usuario_tb.id' in 'where clause'
CRITICAL - 2021-08-30 19:34:14 --> Unknown column 'usuario_tb.id' in 'where clause'
#0 C:\xampp\htdocs\2021\etecgames\system\Database\MySQLi\Connection.php(329): mysqli->query('SELECT *\nFROM `...')
#1 C:\xampp\htdocs\2021\etecgames\system\Database\BaseConnection.php(732): CodeIgniter\Database\MySQLi\Connection->execute('SELECT *\nFROM `...')
#2 C:\xampp\htdocs\2021\etecgames\system\Database\BaseConnection.php(647): CodeIgniter\Database\BaseConnection->simpleQuery('SELECT *\nFROM `...')
#3 C:\xampp\htdocs\2021\etecgames\system\Database\BaseBuilder.php(1881): CodeIgniter\Database\BaseConnection->query('SELECT *\nFROM `...', Array, false)
#4 C:\xampp\htdocs\2021\etecgames\system\Model.php(153): CodeIgniter\Database\BaseBuilder->get()
#5 C:\xampp\htdocs\2021\etecgames\system\BaseModel.php(538): CodeIgniter\Model->doFind(true, '1')
#6 C:\xampp\htdocs\2021\etecgames\app\Controllers\UsuarioController.php(51): CodeIgniter\BaseModel->find('1')
#7 C:\xampp\htdocs\2021\etecgames\system\CodeIgniter.php(928): App\Controllers\UsuarioController->listaCodUsuario()
#8 C:\xampp\htdocs\2021\etecgames\system\CodeIgniter.php(436): CodeIgniter\CodeIgniter->runController(Object(App\Controllers\UsuarioController))
#9 C:\xampp\htdocs\2021\etecgames\system\CodeIgniter.php(336): CodeIgniter\CodeIgniter->handleRequest(NULL, Object(Config\Cache), false)
#10 C:\xampp\htdocs\2021\etecgames\public\index.php(37): CodeIgniter\CodeIgniter->run()
#11 {main}
ERROR - 2021-08-30 19:39:45 --> Unknown column 'usuario_tb.id' in 'where clause'
CRITICAL - 2021-08-30 19:39:45 --> Unknown column 'usuario_tb.id' in 'where clause'
#0 C:\xampp\htdocs\2021\etecgames\system\Database\MySQLi\Connection.php(329): mysqli->query('SELECT *\nFROM `...')
#1 C:\xampp\htdocs\2021\etecgames\system\Database\BaseConnection.php(732): CodeIgniter\Database\MySQLi\Connection->execute('SELECT *\nFROM `...')
#2 C:\xampp\htdocs\2021\etecgames\system\Database\BaseConnection.php(647): CodeIgniter\Database\BaseConnection->simpleQuery('SELECT *\nFROM `...')
#3 C:\xampp\htdocs\2021\etecgames\system\Database\BaseBuilder.php(1881): CodeIgniter\Database\BaseConnection->query('SELECT *\nFROM `...', Array, false)
#4 C:\xampp\htdocs\2021\etecgames\system\Model.php(153): CodeIgniter\Database\BaseBuilder->get()
#5 C:\xampp\htdocs\2021\etecgames\system\BaseModel.php(538): CodeIgniter\Model->doFind(true, '1')
#6 C:\xampp\htdocs\2021\etecgames\app\Controllers\UsuarioController.php(51): CodeIgniter\BaseModel->find('1')
#7 C:\xampp\htdocs\2021\etecgames\system\CodeIgniter.php(928): App\Controllers\UsuarioController->listaCodUsuario()
#8 C:\xampp\htdocs\2021\etecgames\system\CodeIgniter.php(436): CodeIgniter\CodeIgniter->runController(Object(App\Controllers\UsuarioController))
#9 C:\xampp\htdocs\2021\etecgames\system\CodeIgniter.php(336): CodeIgniter\CodeIgniter->handleRequest(NULL, Object(Config\Cache), false)
#10 C:\xampp\htdocs\2021\etecgames\public\index.php(37): CodeIgniter\CodeIgniter->run()
#11 {main}
