CRITICAL - 2021-10-18 17:50:34 --> Undefined variable: data
#0 C:\xampp\htdocs\2021\etecgames\app\Controllers\UsuarioController.php(45): CodeIgniter\Debug\Exceptions->errorHandler(8, 'Undefined varia...', 'C:\\xampp\\htdocs...', 45, Array)
#1 C:\xampp\htdocs\2021\etecgames\system\CodeIgniter.php(928): App\Controllers\UsuarioController->inserirUsuario()
#2 C:\xampp\htdocs\2021\etecgames\system\CodeIgniter.php(436): CodeIgniter\CodeIgniter->runController(Object(App\Controllers\UsuarioController))
#3 C:\xampp\htdocs\2021\etecgames\system\CodeIgniter.php(336): CodeIgniter\CodeIgniter->handleRequest(NULL, Object(Config\Cache), false)
#4 C:\xampp\htdocs\2021\etecgames\public\index.php(37): CodeIgniter\CodeIgniter->run()
#5 {main}
CRITICAL - 2021-10-18 17:50:47 --> Undefined variable: usuario
#0 C:\xampp\htdocs\2021\etecgames\app\Views\listaUsuario.php(63): CodeIgniter\Debug\Exceptions->errorHandler(8, 'Undefined varia...', 'C:\\xampp\\htdocs...', 63, Array)
#1 C:\xampp\htdocs\2021\etecgames\system\View\View.php(230): include('C:\\xampp\\htdocs...')
#2 C:\xampp\htdocs\2021\etecgames\system\View\View.php(232): CodeIgniter\View\View->CodeIgniter\View\{closure}()
#3 C:\xampp\htdocs\2021\etecgames\system\Common.php(1271): CodeIgniter\View\View->render('listaUsuario', Array, true)
#4 C:\xampp\htdocs\2021\etecgames\app\Controllers\UsuarioController.php(107): view('listaUsuario', Array)
#5 C:\xampp\htdocs\2021\etecgames\system\CodeIgniter.php(928): App\Controllers\UsuarioController->todosUsuarios()
#6 C:\xampp\htdocs\2021\etecgames\system\CodeIgniter.php(436): CodeIgniter\CodeIgniter->runController(Object(App\Controllers\UsuarioController))
#7 C:\xampp\htdocs\2021\etecgames\system\CodeIgniter.php(336): CodeIgniter\CodeIgniter->handleRequest(NULL, Object(Config\Cache), false)
#8 C:\xampp\htdocs\2021\etecgames\public\index.php(37): CodeIgniter\CodeIgniter->run()
#9 {main}
CRITICAL - 2021-10-18 17:54:10 --> Undefined variable: data
#0 C:\xampp\htdocs\2021\etecgames\app\Controllers\UsuarioController.php(45): CodeIgniter\Debug\Exceptions->errorHandler(8, 'Undefined varia...', 'C:\\xampp\\htdocs...', 45, Array)
#1 C:\xampp\htdocs\2021\etecgames\system\CodeIgniter.php(928): App\Controllers\UsuarioController->inserirUsuario()
#2 C:\xampp\htdocs\2021\etecgames\system\CodeIgniter.php(436): CodeIgniter\CodeIgniter->runController(Object(App\Controllers\UsuarioController))
#3 C:\xampp\htdocs\2021\etecgames\system\CodeIgniter.php(336): CodeIgniter\CodeIgniter->handleRequest(NULL, Object(Config\Cache), false)
#4 C:\xampp\htdocs\2021\etecgames\public\index.php(37): CodeIgniter\CodeIgniter->run()
#5 {main}
CRITICAL - 2021-10-18 17:54:41 --> Undefined variable: data
#0 C:\xampp\htdocs\2021\etecgames\app\Controllers\UsuarioController.php(45): CodeIgniter\Debug\Exceptions->errorHandler(8, 'Undefined varia...', 'C:\\xampp\\htdocs...', 45, Array)
#1 C:\xampp\htdocs\2021\etecgames\system\CodeIgniter.php(928): App\Controllers\UsuarioController->inserirUsuario()
#2 C:\xampp\htdocs\2021\etecgames\system\CodeIgniter.php(436): CodeIgniter\CodeIgniter->runController(Object(App\Controllers\UsuarioController))
#3 C:\xampp\htdocs\2021\etecgames\system\CodeIgniter.php(336): CodeIgniter\CodeIgniter->handleRequest(NULL, Object(Config\Cache), false)
#4 C:\xampp\htdocs\2021\etecgames\public\index.php(37): CodeIgniter\CodeIgniter->run()
#5 {main}
CRITICAL - 2021-10-18 17:54:46 --> Undefined variable: data
#0 C:\xampp\htdocs\2021\etecgames\app\Controllers\UsuarioController.php(45): CodeIgniter\Debug\Exceptions->errorHandler(8, 'Undefined varia...', 'C:\\xampp\\htdocs...', 45, Array)
#1 C:\xampp\htdocs\2021\etecgames\system\CodeIgniter.php(928): App\Controllers\UsuarioController->inserirUsuario()
#2 C:\xampp\htdocs\2021\etecgames\system\CodeIgniter.php(436): CodeIgniter\CodeIgniter->runController(Object(App\Controllers\UsuarioController))
#3 C:\xampp\htdocs\2021\etecgames\system\CodeIgniter.php(336): CodeIgniter\CodeIgniter->handleRequest(NULL, Object(Config\Cache), false)
#4 C:\xampp\htdocs\2021\etecgames\public\index.php(37): CodeIgniter\CodeIgniter->run()
#5 {main}
CRITICAL - 2021-10-18 17:54:59 --> Undefined variable: data
#0 C:\xampp\htdocs\2021\etecgames\app\Controllers\UsuarioController.php(45): CodeIgniter\Debug\Exceptions->errorHandler(8, 'Undefined varia...', 'C:\\xampp\\htdocs...', 45, Array)
#1 C:\xampp\htdocs\2021\etecgames\system\CodeIgniter.php(928): App\Controllers\UsuarioController->inserirUsuario()
#2 C:\xampp\htdocs\2021\etecgames\system\CodeIgniter.php(436): CodeIgniter\CodeIgniter->runController(Object(App\Controllers\UsuarioController))
#3 C:\xampp\htdocs\2021\etecgames\system\CodeIgniter.php(336): CodeIgniter\CodeIgniter->handleRequest(NULL, Object(Config\Cache), false)
#4 C:\xampp\htdocs\2021\etecgames\public\index.php(37): CodeIgniter\CodeIgniter->run()
#5 {main}
CRITICAL - 2021-10-18 17:55:09 --> Undefined variable: data
#0 C:\xampp\htdocs\2021\etecgames\app\Controllers\UsuarioController.php(45): CodeIgniter\Debug\Exceptions->errorHandler(8, 'Undefined varia...', 'C:\\xampp\\htdocs...', 45, Array)
#1 C:\xampp\htdocs\2021\etecgames\system\CodeIgniter.php(928): App\Controllers\UsuarioController->inserirUsuario()
#2 C:\xampp\htdocs\2021\etecgames\system\CodeIgniter.php(436): CodeIgniter\CodeIgniter->runController(Object(App\Controllers\UsuarioController))
#3 C:\xampp\htdocs\2021\etecgames\system\CodeIgniter.php(336): CodeIgniter\CodeIgniter->handleRequest(NULL, Object(Config\Cache), false)
#4 C:\xampp\htdocs\2021\etecgames\public\index.php(37): CodeIgniter\CodeIgniter->run()
#5 {main}
CRITICAL - 2021-10-18 17:56:04 --> Undefined variable: data
#0 C:\xampp\htdocs\2021\etecgames\app\Controllers\UsuarioController.php(44): CodeIgniter\Debug\Exceptions->errorHandler(8, 'Undefined varia...', 'C:\\xampp\\htdocs...', 44, Array)
#1 C:\xampp\htdocs\2021\etecgames\system\CodeIgniter.php(928): App\Controllers\UsuarioController->inserirUsuario()
#2 C:\xampp\htdocs\2021\etecgames\system\CodeIgniter.php(436): CodeIgniter\CodeIgniter->runController(Object(App\Controllers\UsuarioController))
#3 C:\xampp\htdocs\2021\etecgames\system\CodeIgniter.php(336): CodeIgniter\CodeIgniter->handleRequest(NULL, Object(Config\Cache), false)
#4 C:\xampp\htdocs\2021\etecgames\public\index.php(37): CodeIgniter\CodeIgniter->run()
#5 {main}
CRITICAL - 2021-10-18 18:29:31 --> syntax error, unexpected '{', expecting '('
#0 C:\xampp\htdocs\2021\etecgames\system\View\View.php(232): CodeIgniter\View\View->CodeIgniter\View\{closure}()
#1 C:\xampp\htdocs\2021\etecgames\system\Common.php(1271): CodeIgniter\View\View->render('cadFun', Array, true)
#2 C:\xampp\htdocs\2021\etecgames\app\Controllers\FuncionarioController.php(57): view('cadFun')
#3 C:\xampp\htdocs\2021\etecgames\system\CodeIgniter.php(928): App\Controllers\FuncionarioController->inserirFuncionario()
#4 C:\xampp\htdocs\2021\etecgames\system\CodeIgniter.php(436): CodeIgniter\CodeIgniter->runController(Object(App\Controllers\FuncionarioController))
#5 C:\xampp\htdocs\2021\etecgames\system\CodeIgniter.php(336): CodeIgniter\CodeIgniter->handleRequest(NULL, Object(Config\Cache), false)
#6 C:\xampp\htdocs\2021\etecgames\public\index.php(37): CodeIgniter\CodeIgniter->run()
#7 {main}
CRITICAL - 2021-10-18 18:30:31 --> syntax error, unexpected ':', expecting '('
#0 C:\xampp\htdocs\2021\etecgames\system\View\View.php(232): CodeIgniter\View\View->CodeIgniter\View\{closure}()
#1 C:\xampp\htdocs\2021\etecgames\system\Common.php(1271): CodeIgniter\View\View->render('cadFun', Array, true)
#2 C:\xampp\htdocs\2021\etecgames\app\Controllers\FuncionarioController.php(57): view('cadFun')
#3 C:\xampp\htdocs\2021\etecgames\system\CodeIgniter.php(928): App\Controllers\FuncionarioController->inserirFuncionario()
#4 C:\xampp\htdocs\2021\etecgames\system\CodeIgniter.php(436): CodeIgniter\CodeIgniter->runController(Object(App\Controllers\FuncionarioController))
#5 C:\xampp\htdocs\2021\etecgames\system\CodeIgniter.php(336): CodeIgniter\CodeIgniter->handleRequest(NULL, Object(Config\Cache), false)
#6 C:\xampp\htdocs\2021\etecgames\public\index.php(37): CodeIgniter\CodeIgniter->run()
#7 {main}
CRITICAL - 2021-10-18 18:30:56 --> Undefined variable: codusuario
#0 C:\xampp\htdocs\2021\etecgames\app\Controllers\FuncionarioController.php(19): CodeIgniter\Debug\Exceptions->errorHandler(8, 'Undefined varia...', 'C:\\xampp\\htdocs...', 19, Array)
#1 C:\xampp\htdocs\2021\etecgames\system\CodeIgniter.php(928): App\Controllers\FuncionarioController->inserirFuncionario()
#2 C:\xampp\htdocs\2021\etecgames\system\CodeIgniter.php(436): CodeIgniter\CodeIgniter->runController(Object(App\Controllers\FuncionarioController))
#3 C:\xampp\htdocs\2021\etecgames\system\CodeIgniter.php(336): CodeIgniter\CodeIgniter->handleRequest(NULL, Object(Config\Cache), false)
#4 C:\xampp\htdocs\2021\etecgames\public\index.php(37): CodeIgniter\CodeIgniter->run()
#5 {main}
ERROR - 2021-10-18 18:31:46 --> Column 'nomeFun' cannot be null
CRITICAL - 2021-10-18 18:31:46 --> Column 'nomeFun' cannot be null
#0 C:\xampp\htdocs\2021\etecgames\system\Database\MySQLi\Connection.php(329): mysqli->query('INSERT INTO `fu...')
#1 C:\xampp\htdocs\2021\etecgames\system\Database\BaseConnection.php(732): CodeIgniter\Database\MySQLi\Connection->execute('INSERT INTO `fu...')
#2 C:\xampp\htdocs\2021\etecgames\system\Database\BaseConnection.php(647): CodeIgniter\Database\BaseConnection->simpleQuery('INSERT INTO `fu...')
#3 C:\xampp\htdocs\2021\etecgames\system\Database\BaseBuilder.php(2277): CodeIgniter\Database\BaseConnection->query('INSERT INTO `fu...', Array, false)
#4 C:\xampp\htdocs\2021\etecgames\system\Model.php(259): CodeIgniter\Database\BaseBuilder->insert()
#5 C:\xampp\htdocs\2021\etecgames\system\BaseModel.php(774): CodeIgniter\Model->doInsert(Array)
#6 C:\xampp\htdocs\2021\etecgames\system\Model.php(686): CodeIgniter\BaseModel->insert(Array, true)
#7 C:\xampp\htdocs\2021\etecgames\app\Controllers\FuncionarioController.php(35): CodeIgniter\Model->insert()
#8 C:\xampp\htdocs\2021\etecgames\system\CodeIgniter.php(928): App\Controllers\FuncionarioController->inserirFuncionario()
#9 C:\xampp\htdocs\2021\etecgames\system\CodeIgniter.php(436): CodeIgniter\CodeIgniter->runController(Object(App\Controllers\FuncionarioController))
#10 C:\xampp\htdocs\2021\etecgames\system\CodeIgniter.php(336): CodeIgniter\CodeIgniter->handleRequest(NULL, Object(Config\Cache), false)
#11 C:\xampp\htdocs\2021\etecgames\public\index.php(37): CodeIgniter\CodeIgniter->run()
#12 {main}
ERROR - 2021-10-18 18:51:50 --> Column 'nomeFun' cannot be null
CRITICAL - 2021-10-18 18:51:50 --> Column 'nomeFun' cannot be null
#0 C:\xampp\htdocs\2021\etecgames\system\Database\MySQLi\Connection.php(329): mysqli->query('INSERT INTO `fu...')
#1 C:\xampp\htdocs\2021\etecgames\system\Database\BaseConnection.php(732): CodeIgniter\Database\MySQLi\Connection->execute('INSERT INTO `fu...')
#2 C:\xampp\htdocs\2021\etecgames\system\Database\BaseConnection.php(647): CodeIgniter\Database\BaseConnection->simpleQuery('INSERT INTO `fu...')
#3 C:\xampp\htdocs\2021\etecgames\system\Database\BaseBuilder.php(2277): CodeIgniter\Database\BaseConnection->query('INSERT INTO `fu...', Array, false)
#4 C:\xampp\htdocs\2021\etecgames\system\Model.php(259): CodeIgniter\Database\BaseBuilder->insert()
#5 C:\xampp\htdocs\2021\etecgames\system\BaseModel.php(774): CodeIgniter\Model->doInsert(Array)
#6 C:\xampp\htdocs\2021\etecgames\system\Model.php(686): CodeIgniter\BaseModel->insert(Array, true)
#7 C:\xampp\htdocs\2021\etecgames\app\Controllers\FuncionarioController.php(36): CodeIgniter\Model->insert()
#8 C:\xampp\htdocs\2021\etecgames\system\CodeIgniter.php(928): App\Controllers\FuncionarioController->inserirFuncionario()
#9 C:\xampp\htdocs\2021\etecgames\system\CodeIgniter.php(436): CodeIgniter\CodeIgniter->runController(Object(App\Controllers\FuncionarioController))
#10 C:\xampp\htdocs\2021\etecgames\system\CodeIgniter.php(336): CodeIgniter\CodeIgniter->handleRequest(NULL, Object(Config\Cache), false)
#11 C:\xampp\htdocs\2021\etecgames\public\index.php(37): CodeIgniter\CodeIgniter->run()
#12 {main}
ERROR - 2021-10-18 18:52:37 --> Column 'nomeFun' cannot be null
CRITICAL - 2021-10-18 18:52:37 --> Column 'nomeFun' cannot be null
#0 C:\xampp\htdocs\2021\etecgames\system\Database\MySQLi\Connection.php(329): mysqli->query('INSERT INTO `fu...')
#1 C:\xampp\htdocs\2021\etecgames\system\Database\BaseConnection.php(732): CodeIgniter\Database\MySQLi\Connection->execute('INSERT INTO `fu...')
#2 C:\xampp\htdocs\2021\etecgames\system\Database\BaseConnection.php(647): CodeIgniter\Database\BaseConnection->simpleQuery('INSERT INTO `fu...')
#3 C:\xampp\htdocs\2021\etecgames\system\Database\BaseBuilder.php(2277): CodeIgniter\Database\BaseConnection->query('INSERT INTO `fu...', Array, false)
#4 C:\xampp\htdocs\2021\etecgames\system\Model.php(259): CodeIgniter\Database\BaseBuilder->insert()
#5 C:\xampp\htdocs\2021\etecgames\system\BaseModel.php(774): CodeIgniter\Model->doInsert(Array)
#6 C:\xampp\htdocs\2021\etecgames\system\Model.php(686): CodeIgniter\BaseModel->insert(Array, true)
#7 C:\xampp\htdocs\2021\etecgames\app\Controllers\FuncionarioController.php(37): CodeIgniter\Model->insert()
#8 C:\xampp\htdocs\2021\etecgames\system\CodeIgniter.php(928): App\Controllers\FuncionarioController->inserirFuncionario()
#9 C:\xampp\htdocs\2021\etecgames\system\CodeIgniter.php(436): CodeIgniter\CodeIgniter->runController(Object(App\Controllers\FuncionarioController))
#10 C:\xampp\htdocs\2021\etecgames\system\CodeIgniter.php(336): CodeIgniter\CodeIgniter->handleRequest(NULL, Object(Config\Cache), false)
#11 C:\xampp\htdocs\2021\etecgames\public\index.php(37): CodeIgniter\CodeIgniter->run()
#12 {main}
ERROR - 2021-10-18 18:52:42 --> Column 'nomeFun' cannot be null
CRITICAL - 2021-10-18 18:52:42 --> Column 'nomeFun' cannot be null
#0 C:\xampp\htdocs\2021\etecgames\system\Database\MySQLi\Connection.php(329): mysqli->query('INSERT INTO `fu...')
#1 C:\xampp\htdocs\2021\etecgames\system\Database\BaseConnection.php(732): CodeIgniter\Database\MySQLi\Connection->execute('INSERT INTO `fu...')
#2 C:\xampp\htdocs\2021\etecgames\system\Database\BaseConnection.php(647): CodeIgniter\Database\BaseConnection->simpleQuery('INSERT INTO `fu...')
#3 C:\xampp\htdocs\2021\etecgames\system\Database\BaseBuilder.php(2277): CodeIgniter\Database\BaseConnection->query('INSERT INTO `fu...', Array, false)
#4 C:\xampp\htdocs\2021\etecgames\system\Model.php(259): CodeIgniter\Database\BaseBuilder->insert()
#5 C:\xampp\htdocs\2021\etecgames\system\BaseModel.php(774): CodeIgniter\Model->doInsert(Array)
#6 C:\xampp\htdocs\2021\etecgames\system\Model.php(686): CodeIgniter\BaseModel->insert(Array, true)
#7 C:\xampp\htdocs\2021\etecgames\app\Controllers\FuncionarioController.php(37): CodeIgniter\Model->insert()
#8 C:\xampp\htdocs\2021\etecgames\system\CodeIgniter.php(928): App\Controllers\FuncionarioController->inserirFuncionario()
#9 C:\xampp\htdocs\2021\etecgames\system\CodeIgniter.php(436): CodeIgniter\CodeIgniter->runController(Object(App\Controllers\FuncionarioController))
#10 C:\xampp\htdocs\2021\etecgames\system\CodeIgniter.php(336): CodeIgniter\CodeIgniter->handleRequest(NULL, Object(Config\Cache), false)
#11 C:\xampp\htdocs\2021\etecgames\public\index.php(37): CodeIgniter\CodeIgniter->run()
#12 {main}
ERROR - 2021-10-18 18:52:51 --> Column 'nomeFun' cannot be null
CRITICAL - 2021-10-18 18:52:51 --> Column 'nomeFun' cannot be null
#0 C:\xampp\htdocs\2021\etecgames\system\Database\MySQLi\Connection.php(329): mysqli->query('INSERT INTO `fu...')
#1 C:\xampp\htdocs\2021\etecgames\system\Database\BaseConnection.php(732): CodeIgniter\Database\MySQLi\Connection->execute('INSERT INTO `fu...')
#2 C:\xampp\htdocs\2021\etecgames\system\Database\BaseConnection.php(647): CodeIgniter\Database\BaseConnection->simpleQuery('INSERT INTO `fu...')
#3 C:\xampp\htdocs\2021\etecgames\system\Database\BaseBuilder.php(2277): CodeIgniter\Database\BaseConnection->query('INSERT INTO `fu...', Array, false)
#4 C:\xampp\htdocs\2021\etecgames\system\Model.php(259): CodeIgniter\Database\BaseBuilder->insert()
#5 C:\xampp\htdocs\2021\etecgames\system\BaseModel.php(774): CodeIgniter\Model->doInsert(Array)
#6 C:\xampp\htdocs\2021\etecgames\system\Model.php(686): CodeIgniter\BaseModel->insert(Array, true)
#7 C:\xampp\htdocs\2021\etecgames\app\Controllers\FuncionarioController.php(37): CodeIgniter\Model->insert()
#8 C:\xampp\htdocs\2021\etecgames\system\CodeIgniter.php(928): App\Controllers\FuncionarioController->inserirFuncionario()
#9 C:\xampp\htdocs\2021\etecgames\system\CodeIgniter.php(436): CodeIgniter\CodeIgniter->runController(Object(App\Controllers\FuncionarioController))
#10 C:\xampp\htdocs\2021\etecgames\system\CodeIgniter.php(336): CodeIgniter\CodeIgniter->handleRequest(NULL, Object(Config\Cache), false)
#11 C:\xampp\htdocs\2021\etecgames\public\index.php(37): CodeIgniter\CodeIgniter->run()
#12 {main}
ERROR - 2021-10-18 18:53:51 --> Unknown column 'codFun_FK' in 'field list'
CRITICAL - 2021-10-18 18:53:51 --> Unknown column 'codFun_FK' in 'field list'
#0 C:\xampp\htdocs\2021\etecgames\system\Database\MySQLi\Connection.php(329): mysqli->query('INSERT INTO `fu...')
#1 C:\xampp\htdocs\2021\etecgames\system\Database\BaseConnection.php(732): CodeIgniter\Database\MySQLi\Connection->execute('INSERT INTO `fu...')
#2 C:\xampp\htdocs\2021\etecgames\system\Database\BaseConnection.php(647): CodeIgniter\Database\BaseConnection->simpleQuery('INSERT INTO `fu...')
#3 C:\xampp\htdocs\2021\etecgames\system\Database\BaseBuilder.php(2277): CodeIgniter\Database\BaseConnection->query('INSERT INTO `fu...', Array, false)
#4 C:\xampp\htdocs\2021\etecgames\system\Model.php(259): CodeIgniter\Database\BaseBuilder->insert()
#5 C:\xampp\htdocs\2021\etecgames\system\BaseModel.php(774): CodeIgniter\Model->doInsert(Array)
#6 C:\xampp\htdocs\2021\etecgames\system\Model.php(686): CodeIgniter\BaseModel->insert(Array, true)
#7 C:\xampp\htdocs\2021\etecgames\app\Controllers\FuncionarioController.php(35): CodeIgniter\Model->insert()
#8 C:\xampp\htdocs\2021\etecgames\system\CodeIgniter.php(928): App\Controllers\FuncionarioController->inserirFuncionario()
#9 C:\xampp\htdocs\2021\etecgames\system\CodeIgniter.php(436): CodeIgniter\CodeIgniter->runController(Object(App\Controllers\FuncionarioController))
#10 C:\xampp\htdocs\2021\etecgames\system\CodeIgniter.php(336): CodeIgniter\CodeIgniter->handleRequest(NULL, Object(Config\Cache), false)
#11 C:\xampp\htdocs\2021\etecgames\public\index.php(37): CodeIgniter\CodeIgniter->run()
#12 {main}
ERROR - 2021-10-18 18:54:24 --> Column 'nomeFun' cannot be null
CRITICAL - 2021-10-18 18:54:24 --> Column 'nomeFun' cannot be null
#0 C:\xampp\htdocs\2021\etecgames\system\Database\MySQLi\Connection.php(329): mysqli->query('INSERT INTO `fu...')
#1 C:\xampp\htdocs\2021\etecgames\system\Database\BaseConnection.php(732): CodeIgniter\Database\MySQLi\Connection->execute('INSERT INTO `fu...')
#2 C:\xampp\htdocs\2021\etecgames\system\Database\BaseConnection.php(647): CodeIgniter\Database\BaseConnection->simpleQuery('INSERT INTO `fu...')
#3 C:\xampp\htdocs\2021\etecgames\system\Database\BaseBuilder.php(2277): CodeIgniter\Database\BaseConnection->query('INSERT INTO `fu...', Array, false)
#4 C:\xampp\htdocs\2021\etecgames\system\Model.php(259): CodeIgniter\Database\BaseBuilder->insert()
#5 C:\xampp\htdocs\2021\etecgames\system\BaseModel.php(774): CodeIgniter\Model->doInsert(Array)
#6 C:\xampp\htdocs\2021\etecgames\system\Model.php(686): CodeIgniter\BaseModel->insert(Array, true)
#7 C:\xampp\htdocs\2021\etecgames\app\Controllers\FuncionarioController.php(35): CodeIgniter\Model->insert()
#8 C:\xampp\htdocs\2021\etecgames\system\CodeIgniter.php(928): App\Controllers\FuncionarioController->inserirFuncionario()
#9 C:\xampp\htdocs\2021\etecgames\system\CodeIgniter.php(436): CodeIgniter\CodeIgniter->runController(Object(App\Controllers\FuncionarioController))
#10 C:\xampp\htdocs\2021\etecgames\system\CodeIgniter.php(336): CodeIgniter\CodeIgniter->handleRequest(NULL, Object(Config\Cache), false)
#11 C:\xampp\htdocs\2021\etecgames\public\index.php(37): CodeIgniter\CodeIgniter->run()
#12 {main}
ERROR - 2021-10-18 18:57:12 --> Column 'nomeFun' cannot be null
CRITICAL - 2021-10-18 18:57:12 --> Column 'nomeFun' cannot be null
#0 C:\xampp\htdocs\2021\etecgames\system\Database\MySQLi\Connection.php(329): mysqli->query('INSERT INTO `fu...')
#1 C:\xampp\htdocs\2021\etecgames\system\Database\BaseConnection.php(732): CodeIgniter\Database\MySQLi\Connection->execute('INSERT INTO `fu...')
#2 C:\xampp\htdocs\2021\etecgames\system\Database\BaseConnection.php(647): CodeIgniter\Database\BaseConnection->simpleQuery('INSERT INTO `fu...')
#3 C:\xampp\htdocs\2021\etecgames\system\Database\BaseBuilder.php(2277): CodeIgniter\Database\BaseConnection->query('INSERT INTO `fu...', Array, false)
#4 C:\xampp\htdocs\2021\etecgames\system\Model.php(259): CodeIgniter\Database\BaseBuilder->insert()
#5 C:\xampp\htdocs\2021\etecgames\system\BaseModel.php(774): CodeIgniter\Model->doInsert(Array)
#6 C:\xampp\htdocs\2021\etecgames\system\Model.php(686): CodeIgniter\BaseModel->insert(Array, true)
#7 C:\xampp\htdocs\2021\etecgames\app\Controllers\FuncionarioController.php(35): CodeIgniter\Model->insert()
#8 C:\xampp\htdocs\2021\etecgames\system\CodeIgniter.php(928): App\Controllers\FuncionarioController->inserirFuncionario()
#9 C:\xampp\htdocs\2021\etecgames\system\CodeIgniter.php(436): CodeIgniter\CodeIgniter->runController(Object(App\Controllers\FuncionarioController))
#10 C:\xampp\htdocs\2021\etecgames\system\CodeIgniter.php(336): CodeIgniter\CodeIgniter->handleRequest(NULL, Object(Config\Cache), false)
#11 C:\xampp\htdocs\2021\etecgames\public\index.php(37): CodeIgniter\CodeIgniter->run()
#12 {main}
ERROR - 2021-10-18 18:57:20 --> Column 'nomeFun' cannot be null
CRITICAL - 2021-10-18 18:57:20 --> Column 'nomeFun' cannot be null
#0 C:\xampp\htdocs\2021\etecgames\system\Database\MySQLi\Connection.php(329): mysqli->query('INSERT INTO `fu...')
#1 C:\xampp\htdocs\2021\etecgames\system\Database\BaseConnection.php(732): CodeIgniter\Database\MySQLi\Connection->execute('INSERT INTO `fu...')
#2 C:\xampp\htdocs\2021\etecgames\system\Database\BaseConnection.php(647): CodeIgniter\Database\BaseConnection->simpleQuery('INSERT INTO `fu...')
#3 C:\xampp\htdocs\2021\etecgames\system\Database\BaseBuilder.php(2277): CodeIgniter\Database\BaseConnection->query('INSERT INTO `fu...', Array, false)
#4 C:\xampp\htdocs\2021\etecgames\system\Model.php(259): CodeIgniter\Database\BaseBuilder->insert()
#5 C:\xampp\htdocs\2021\etecgames\system\BaseModel.php(774): CodeIgniter\Model->doInsert(Array)
#6 C:\xampp\htdocs\2021\etecgames\system\Model.php(686): CodeIgniter\BaseModel->insert(Array, true)
#7 C:\xampp\htdocs\2021\etecgames\app\Controllers\FuncionarioController.php(35): CodeIgniter\Model->insert()
#8 C:\xampp\htdocs\2021\etecgames\system\CodeIgniter.php(928): App\Controllers\FuncionarioController->inserirFuncionario()
#9 C:\xampp\htdocs\2021\etecgames\system\CodeIgniter.php(436): CodeIgniter\CodeIgniter->runController(Object(App\Controllers\FuncionarioController))
#10 C:\xampp\htdocs\2021\etecgames\system\CodeIgniter.php(336): CodeIgniter\CodeIgniter->handleRequest(NULL, Object(Config\Cache), false)
#11 C:\xampp\htdocs\2021\etecgames\public\index.php(37): CodeIgniter\CodeIgniter->run()
#12 {main}
ERROR - 2021-10-18 18:58:13 --> Column 'codusu_FK' cannot be null
CRITICAL - 2021-10-18 18:58:13 --> Column 'codusu_FK' cannot be null
#0 C:\xampp\htdocs\2021\etecgames\system\Database\MySQLi\Connection.php(329): mysqli->query('INSERT INTO `fu...')
#1 C:\xampp\htdocs\2021\etecgames\system\Database\BaseConnection.php(732): CodeIgniter\Database\MySQLi\Connection->execute('INSERT INTO `fu...')
#2 C:\xampp\htdocs\2021\etecgames\system\Database\BaseConnection.php(647): CodeIgniter\Database\BaseConnection->simpleQuery('INSERT INTO `fu...')
#3 C:\xampp\htdocs\2021\etecgames\system\Database\BaseBuilder.php(2277): CodeIgniter\Database\BaseConnection->query('INSERT INTO `fu...', Array, false)
#4 C:\xampp\htdocs\2021\etecgames\system\Model.php(259): CodeIgniter\Database\BaseBuilder->insert()
#5 C:\xampp\htdocs\2021\etecgames\system\BaseModel.php(774): CodeIgniter\Model->doInsert(Array)
#6 C:\xampp\htdocs\2021\etecgames\system\Model.php(686): CodeIgniter\BaseModel->insert(Array, true)
#7 C:\xampp\htdocs\2021\etecgames\app\Controllers\FuncionarioController.php(35): CodeIgniter\Model->insert()
#8 C:\xampp\htdocs\2021\etecgames\system\CodeIgniter.php(928): App\Controllers\FuncionarioController->inserirFuncionario()
#9 C:\xampp\htdocs\2021\etecgames\system\CodeIgniter.php(436): CodeIgniter\CodeIgniter->runController(Object(App\Controllers\FuncionarioController))
#10 C:\xampp\htdocs\2021\etecgames\system\CodeIgniter.php(336): CodeIgniter\CodeIgniter->handleRequest(NULL, Object(Config\Cache), false)
#11 C:\xampp\htdocs\2021\etecgames\public\index.php(37): CodeIgniter\CodeIgniter->run()
#12 {main}
ERROR - 2021-10-18 18:59:03 --> Column 'codusu_FK' cannot be null
CRITICAL - 2021-10-18 18:59:03 --> Column 'codusu_FK' cannot be null
#0 C:\xampp\htdocs\2021\etecgames\system\Database\MySQLi\Connection.php(329): mysqli->query('INSERT INTO `fu...')
#1 C:\xampp\htdocs\2021\etecgames\system\Database\BaseConnection.php(732): CodeIgniter\Database\MySQLi\Connection->execute('INSERT INTO `fu...')
#2 C:\xampp\htdocs\2021\etecgames\system\Database\BaseConnection.php(647): CodeIgniter\Database\BaseConnection->simpleQuery('INSERT INTO `fu...')
#3 C:\xampp\htdocs\2021\etecgames\system\Database\BaseBuilder.php(2277): CodeIgniter\Database\BaseConnection->query('INSERT INTO `fu...', Array, false)
#4 C:\xampp\htdocs\2021\etecgames\system\Model.php(259): CodeIgniter\Database\BaseBuilder->insert()
#5 C:\xampp\htdocs\2021\etecgames\system\BaseModel.php(774): CodeIgniter\Model->doInsert(Array)
#6 C:\xampp\htdocs\2021\etecgames\system\Model.php(686): CodeIgniter\BaseModel->insert(Array, true)
#7 C:\xampp\htdocs\2021\etecgames\app\Controllers\FuncionarioController.php(36): CodeIgniter\Model->insert()
#8 C:\xampp\htdocs\2021\etecgames\system\CodeIgniter.php(928): App\Controllers\FuncionarioController->inserirFuncionario()
#9 C:\xampp\htdocs\2021\etecgames\system\CodeIgniter.php(436): CodeIgniter\CodeIgniter->runController(Object(App\Controllers\FuncionarioController))
#10 C:\xampp\htdocs\2021\etecgames\system\CodeIgniter.php(336): CodeIgniter\CodeIgniter->handleRequest(NULL, Object(Config\Cache), false)
#11 C:\xampp\htdocs\2021\etecgames\public\index.php(37): CodeIgniter\CodeIgniter->run()
#12 {main}
ERROR - 2021-10-18 18:59:07 --> Column 'codusu_FK' cannot be null
CRITICAL - 2021-10-18 18:59:07 --> Column 'codusu_FK' cannot be null
#0 C:\xampp\htdocs\2021\etecgames\system\Database\MySQLi\Connection.php(329): mysqli->query('INSERT INTO `fu...')
#1 C:\xampp\htdocs\2021\etecgames\system\Database\BaseConnection.php(732): CodeIgniter\Database\MySQLi\Connection->execute('INSERT INTO `fu...')
#2 C:\xampp\htdocs\2021\etecgames\system\Database\BaseConnection.php(647): CodeIgniter\Database\BaseConnection->simpleQuery('INSERT INTO `fu...')
#3 C:\xampp\htdocs\2021\etecgames\system\Database\BaseBuilder.php(2277): CodeIgniter\Database\BaseConnection->query('INSERT INTO `fu...', Array, false)
#4 C:\xampp\htdocs\2021\etecgames\system\Model.php(259): CodeIgniter\Database\BaseBuilder->insert()
#5 C:\xampp\htdocs\2021\etecgames\system\BaseModel.php(774): CodeIgniter\Model->doInsert(Array)
#6 C:\xampp\htdocs\2021\etecgames\system\Model.php(686): CodeIgniter\BaseModel->insert(Array, true)
#7 C:\xampp\htdocs\2021\etecgames\app\Controllers\FuncionarioController.php(36): CodeIgniter\Model->insert()
#8 C:\xampp\htdocs\2021\etecgames\system\CodeIgniter.php(928): App\Controllers\FuncionarioController->inserirFuncionario()
#9 C:\xampp\htdocs\2021\etecgames\system\CodeIgniter.php(436): CodeIgniter\CodeIgniter->runController(Object(App\Controllers\FuncionarioController))
#10 C:\xampp\htdocs\2021\etecgames\system\CodeIgniter.php(336): CodeIgniter\CodeIgniter->handleRequest(NULL, Object(Config\Cache), false)
#11 C:\xampp\htdocs\2021\etecgames\public\index.php(37): CodeIgniter\CodeIgniter->run()
#12 {main}
ERROR - 2021-10-18 19:00:04 --> Column 'codusu_FK' cannot be null
CRITICAL - 2021-10-18 19:00:04 --> Column 'codusu_FK' cannot be null
#0 C:\xampp\htdocs\2021\etecgames\system\Database\MySQLi\Connection.php(329): mysqli->query('INSERT INTO `fu...')
#1 C:\xampp\htdocs\2021\etecgames\system\Database\BaseConnection.php(732): CodeIgniter\Database\MySQLi\Connection->execute('INSERT INTO `fu...')
#2 C:\xampp\htdocs\2021\etecgames\system\Database\BaseConnection.php(647): CodeIgniter\Database\BaseConnection->simpleQuery('INSERT INTO `fu...')
#3 C:\xampp\htdocs\2021\etecgames\system\Database\BaseBuilder.php(2277): CodeIgniter\Database\BaseConnection->query('INSERT INTO `fu...', Array, false)
#4 C:\xampp\htdocs\2021\etecgames\system\Model.php(259): CodeIgniter\Database\BaseBuilder->insert()
#5 C:\xampp\htdocs\2021\etecgames\system\BaseModel.php(774): CodeIgniter\Model->doInsert(Array)
#6 C:\xampp\htdocs\2021\etecgames\system\Model.php(686): CodeIgniter\BaseModel->insert(Array, true)
#7 C:\xampp\htdocs\2021\etecgames\app\Controllers\FuncionarioController.php(36): CodeIgniter\Model->insert()
#8 C:\xampp\htdocs\2021\etecgames\system\CodeIgniter.php(928): App\Controllers\FuncionarioController->inserirFuncionario()
#9 C:\xampp\htdocs\2021\etecgames\system\CodeIgniter.php(436): CodeIgniter\CodeIgniter->runController(Object(App\Controllers\FuncionarioController))
#10 C:\xampp\htdocs\2021\etecgames\system\CodeIgniter.php(336): CodeIgniter\CodeIgniter->handleRequest(NULL, Object(Config\Cache), false)
#11 C:\xampp\htdocs\2021\etecgames\public\index.php(37): CodeIgniter\CodeIgniter->run()
#12 {main}
ERROR - 2021-10-18 19:01:53 --> Column 'codusu_FK' cannot be null
CRITICAL - 2021-10-18 19:01:53 --> Column 'codusu_FK' cannot be null
#0 C:\xampp\htdocs\2021\etecgames\system\Database\MySQLi\Connection.php(329): mysqli->query('INSERT INTO `fu...')
#1 C:\xampp\htdocs\2021\etecgames\system\Database\BaseConnection.php(732): CodeIgniter\Database\MySQLi\Connection->execute('INSERT INTO `fu...')
#2 C:\xampp\htdocs\2021\etecgames\system\Database\BaseConnection.php(647): CodeIgniter\Database\BaseConnection->simpleQuery('INSERT INTO `fu...')
#3 C:\xampp\htdocs\2021\etecgames\system\Database\BaseBuilder.php(2277): CodeIgniter\Database\BaseConnection->query('INSERT INTO `fu...', Array, false)
#4 C:\xampp\htdocs\2021\etecgames\system\Model.php(259): CodeIgniter\Database\BaseBuilder->insert()
#5 C:\xampp\htdocs\2021\etecgames\system\BaseModel.php(774): CodeIgniter\Model->doInsert(Array)
#6 C:\xampp\htdocs\2021\etecgames\system\Model.php(686): CodeIgniter\BaseModel->insert(Array, true)
#7 C:\xampp\htdocs\2021\etecgames\app\Controllers\FuncionarioController.php(35): CodeIgniter\Model->insert()
#8 C:\xampp\htdocs\2021\etecgames\system\CodeIgniter.php(928): App\Controllers\FuncionarioController->inserirFuncionario()
#9 C:\xampp\htdocs\2021\etecgames\system\CodeIgniter.php(436): CodeIgniter\CodeIgniter->runController(Object(App\Controllers\FuncionarioController))
#10 C:\xampp\htdocs\2021\etecgames\system\CodeIgniter.php(336): CodeIgniter\CodeIgniter->handleRequest(NULL, Object(Config\Cache), false)
#11 C:\xampp\htdocs\2021\etecgames\public\index.php(37): CodeIgniter\CodeIgniter->run()
#12 {main}
CRITICAL - 2021-10-18 19:10:54 --> Undefined variable: fornecedores
#0 C:\xampp\htdocs\2021\etecgames\app\Views\listaForn.php(11): CodeIgniter\Debug\Exceptions->errorHandler(8, 'Undefined varia...', 'C:\\xampp\\htdocs...', 11, Array)
#1 C:\xampp\htdocs\2021\etecgames\system\View\View.php(230): include('C:\\xampp\\htdocs...')
#2 C:\xampp\htdocs\2021\etecgames\system\View\View.php(232): CodeIgniter\View\View->CodeIgniter\View\{closure}()
#3 C:\xampp\htdocs\2021\etecgames\system\Common.php(1271): CodeIgniter\View\View->render('listaForn', Array, true)
#4 C:\xampp\htdocs\2021\etecgames\app\Controllers\FuncionarioController.php(84): view('listaForn', Array)
#5 C:\xampp\htdocs\2021\etecgames\system\CodeIgniter.php(928): App\Controllers\FuncionarioController->todosFuncionarios()
#6 C:\xampp\htdocs\2021\etecgames\system\CodeIgniter.php(436): CodeIgniter\CodeIgniter->runController(Object(App\Controllers\FuncionarioController))
#7 C:\xampp\htdocs\2021\etecgames\system\CodeIgniter.php(336): CodeIgniter\CodeIgniter->handleRequest(NULL, Object(Config\Cache), false)
#8 C:\xampp\htdocs\2021\etecgames\public\index.php(37): CodeIgniter\CodeIgniter->run()
#9 {main}
CRITICAL - 2021-10-18 19:14:02 --> Undefined variable: fornecedores
#0 C:\xampp\htdocs\2021\etecgames\app\Views\listaForn.php(11): CodeIgniter\Debug\Exceptions->errorHandler(8, 'Undefined varia...', 'C:\\xampp\\htdocs...', 11, Array)
#1 C:\xampp\htdocs\2021\etecgames\system\View\View.php(230): include('C:\\xampp\\htdocs...')
#2 C:\xampp\htdocs\2021\etecgames\system\View\View.php(232): CodeIgniter\View\View->CodeIgniter\View\{closure}()
#3 C:\xampp\htdocs\2021\etecgames\system\Common.php(1271): CodeIgniter\View\View->render('listaForn', Array, true)
#4 C:\xampp\htdocs\2021\etecgames\app\Controllers\FuncionarioController.php(84): view('listaForn', Array)
#5 C:\xampp\htdocs\2021\etecgames\system\CodeIgniter.php(928): App\Controllers\FuncionarioController->todosFuncionarios()
#6 C:\xampp\htdocs\2021\etecgames\system\CodeIgniter.php(436): CodeIgniter\CodeIgniter->runController(Object(App\Controllers\FuncionarioController))
#7 C:\xampp\htdocs\2021\etecgames\system\CodeIgniter.php(336): CodeIgniter\CodeIgniter->handleRequest(NULL, Object(Config\Cache), false)
#8 C:\xampp\htdocs\2021\etecgames\public\index.php(37): CodeIgniter\CodeIgniter->run()
#9 {main}
CRITICAL - 2021-10-18 19:14:06 --> Undefined variable: fornecedores
#0 C:\xampp\htdocs\2021\etecgames\app\Views\listaForn.php(11): CodeIgniter\Debug\Exceptions->errorHandler(8, 'Undefined varia...', 'C:\\xampp\\htdocs...', 11, Array)
#1 C:\xampp\htdocs\2021\etecgames\system\View\View.php(230): include('C:\\xampp\\htdocs...')
#2 C:\xampp\htdocs\2021\etecgames\system\View\View.php(232): CodeIgniter\View\View->CodeIgniter\View\{closure}()
#3 C:\xampp\htdocs\2021\etecgames\system\Common.php(1271): CodeIgniter\View\View->render('listaForn', Array, true)
#4 C:\xampp\htdocs\2021\etecgames\app\Controllers\FuncionarioController.php(84): view('listaForn', Array)
#5 C:\xampp\htdocs\2021\etecgames\system\CodeIgniter.php(928): App\Controllers\FuncionarioController->todosFuncionarios()
#6 C:\xampp\htdocs\2021\etecgames\system\CodeIgniter.php(436): CodeIgniter\CodeIgniter->runController(Object(App\Controllers\FuncionarioController))
#7 C:\xampp\htdocs\2021\etecgames\system\CodeIgniter.php(336): CodeIgniter\CodeIgniter->handleRequest(NULL, Object(Config\Cache), false)
#8 C:\xampp\htdocs\2021\etecgames\public\index.php(37): CodeIgniter\CodeIgniter->run()
#9 {main}
CRITICAL - 2021-10-18 19:19:33 --> Undefined property: stdClass::$emailFun
#0 C:\xampp\htdocs\2021\etecgames\app\Views\listaCodFun.php(35): CodeIgniter\Debug\Exceptions->errorHandler(8, 'Undefined prope...', 'C:\\xampp\\htdocs...', 35, Array)
#1 C:\xampp\htdocs\2021\etecgames\system\View\View.php(230): include('C:\\xampp\\htdocs...')
#2 C:\xampp\htdocs\2021\etecgames\system\View\View.php(232): CodeIgniter\View\View->CodeIgniter\View\{closure}()
#3 C:\xampp\htdocs\2021\etecgames\system\Common.php(1271): CodeIgniter\View\View->render('listaCodFun', Array, true)
#4 C:\xampp\htdocs\2021\etecgames\app\Controllers\FuncionarioController.php(117): view('listaCodFun', Array)
#5 C:\xampp\htdocs\2021\etecgames\system\CodeIgniter.php(928): App\Controllers\FuncionarioController->listaCodFuncionario()
#6 C:\xampp\htdocs\2021\etecgames\system\CodeIgniter.php(436): CodeIgniter\CodeIgniter->runController(Object(App\Controllers\FuncionarioController))
#7 C:\xampp\htdocs\2021\etecgames\system\CodeIgniter.php(336): CodeIgniter\CodeIgniter->handleRequest(NULL, Object(Config\Cache), false)
#8 C:\xampp\htdocs\2021\etecgames\public\index.php(37): CodeIgniter\CodeIgniter->run()
#9 {main}
CRITICAL - 2021-10-18 19:42:01 --> Undefined variable: funcionario
#0 C:\xampp\htdocs\2021\etecgames\app\Views\listaFun.php(70): CodeIgniter\Debug\Exceptions->errorHandler(8, 'Undefined varia...', 'C:\\xampp\\htdocs...', 70, Array)
#1 C:\xampp\htdocs\2021\etecgames\system\View\View.php(230): include('C:\\xampp\\htdocs...')
#2 C:\xampp\htdocs\2021\etecgames\system\View\View.php(232): CodeIgniter\View\View->CodeIgniter\View\{closure}()
#3 C:\xampp\htdocs\2021\etecgames\system\Common.php(1271): CodeIgniter\View\View->render('listaFun', Array, true)
#4 C:\xampp\htdocs\2021\etecgames\app\Controllers\FuncionarioController.php(84): view('listaFun', Array)
#5 C:\xampp\htdocs\2021\etecgames\system\CodeIgniter.php(928): App\Controllers\FuncionarioController->todosFuncionarios()
#6 C:\xampp\htdocs\2021\etecgames\system\CodeIgniter.php(436): CodeIgniter\CodeIgniter->runController(Object(App\Controllers\FuncionarioController))
#7 C:\xampp\htdocs\2021\etecgames\system\CodeIgniter.php(336): CodeIgniter\CodeIgniter->handleRequest(NULL, Object(Config\Cache), false)
#8 C:\xampp\htdocs\2021\etecgames\public\index.php(37): CodeIgniter\CodeIgniter->run()
#9 {main}
CRITICAL - 2021-10-18 19:46:41 --> Undefined variable: fornecedor
#0 C:\xampp\htdocs\2021\etecgames\app\Views\listaForn.php(77): CodeIgniter\Debug\Exceptions->errorHandler(8, 'Undefined varia...', 'C:\\xampp\\htdocs...', 77, Array)
#1 C:\xampp\htdocs\2021\etecgames\system\View\View.php(230): include('C:\\xampp\\htdocs...')
#2 C:\xampp\htdocs\2021\etecgames\system\View\View.php(232): CodeIgniter\View\View->CodeIgniter\View\{closure}()
#3 C:\xampp\htdocs\2021\etecgames\system\Common.php(1271): CodeIgniter\View\View->render('listaForn', Array, true)
#4 C:\xampp\htdocs\2021\etecgames\app\Controllers\FornecedorController.php(64): view('listaForn', Array)
#5 C:\xampp\htdocs\2021\etecgames\system\CodeIgniter.php(928): App\Controllers\FornecedorController->todosFornecedores()
#6 C:\xampp\htdocs\2021\etecgames\system\CodeIgniter.php(436): CodeIgniter\CodeIgniter->runController(Object(App\Controllers\FornecedorController))
#7 C:\xampp\htdocs\2021\etecgames\system\CodeIgniter.php(336): CodeIgniter\CodeIgniter->handleRequest(NULL, Object(Config\Cache), false)
#8 C:\xampp\htdocs\2021\etecgames\public\index.php(37): CodeIgniter\CodeIgniter->run()
#9 {main}
